Using pre-set license
Built from '2022.3/staging' branch; Version is '2022.3.10f1 (ff3792e53c62) revision 16725906'; Using compiler version '192829333'; Build Type 'Release'
OS: 'Windows 10  (10.0.19045) 64bit Professional' Language: 'ja' Physical Memory: 31965 MB
BatchMode: 1, IsHumanControllingUs: 0, StartBugReporterOnCrash: 0, Is64bit: 1, IsPro: 1

COMMAND LINE ARGUMENTS:
Z:\work\Unity 2022.3.7f1\2022.3.10f1\Editor\Unity.exe
-adb2
-batchMode
-noUpm
-name
AssetImportWorker0
-projectPath
Z:/work/G/g/g/Ｇ-SENCE
-logFile
Logs/AssetImportWorker0.log
-srvPort
59666
Successfully changed project path to: Z:/work/G/g/g/Ｇ-SENCE
Z:/work/G/g/g/Ｇ-SENCE
[UnityMemory] Configuration Parameters - Can be set up in boot.config
    "memorysetup-bucket-allocator-granularity=16"
    "memorysetup-bucket-allocator-bucket-count=8"
    "memorysetup-bucket-allocator-block-size=33554432"
    "memorysetup-bucket-allocator-block-count=8"
    "memorysetup-main-allocator-block-size=16777216"
    "memorysetup-thread-allocator-block-size=16777216"
    "memorysetup-gfx-main-allocator-block-size=16777216"
    "memorysetup-gfx-thread-allocator-block-size=16777216"
    "memorysetup-cache-allocator-block-size=4194304"
    "memorysetup-typetree-allocator-block-size=2097152"
    "memorysetup-profiler-bucket-allocator-granularity=16"
    "memorysetup-profiler-bucket-allocator-bucket-count=8"
    "memorysetup-profiler-bucket-allocator-block-size=33554432"
    "memorysetup-profiler-bucket-allocator-block-count=8"
    "memorysetup-profiler-allocator-block-size=16777216"
    "memorysetup-profiler-editor-allocator-block-size=1048576"
    "memorysetup-temp-allocator-size-main=16777216"
    "memorysetup-job-temp-allocator-block-size=2097152"
    "memorysetup-job-temp-allocator-block-size-background=1048576"
    "memorysetup-job-temp-allocator-reduction-small-platforms=262144"
    "memorysetup-allocator-temp-initial-block-size-main=262144"
    "memorysetup-allocator-temp-initial-block-size-worker=262144"
    "memorysetup-temp-allocator-size-background-worker=32768"
    "memorysetup-temp-allocator-size-job-worker=262144"
    "memorysetup-temp-allocator-size-preload-manager=33554432"
    "memorysetup-temp-allocator-size-nav-mesh-worker=65536"
    "memorysetup-temp-allocator-size-audio-worker=65536"
    "memorysetup-temp-allocator-size-cloud-worker=32768"
    "memorysetup-temp-allocator-size-gi-baking-worker=262144"
    "memorysetup-temp-allocator-size-gfx=262144"
Player connection [24520] Host "[IP] 192.168.40.21 [Port] 0 [Flags] 2 [Guid] 929537768 [EditorId] 929537768 [Version] 1048832 [Id] WindowsEditor(7,DESKTOP-9H9KQJ1) [Debug] 1 [PackageName] WindowsEditor [ProjectName] Editor" joined multi-casting on [225.0.0.222:54997]...

Player connection [24520] Host "[IP] 192.168.40.21 [Port] 0 [Flags] 2 [Guid] 929537768 [EditorId] 929537768 [Version] 1048832 [Id] WindowsEditor(7,DESKTOP-9H9KQJ1) [Debug] 1 [PackageName] WindowsEditor [ProjectName] Editor" joined alternative multi-casting on [225.0.0.222:34997]...

[Physics::Module] Initialized MultithreadedJobDispatcher with 15 workers.
Refreshing native plugins compatible for Editor in 0.00 ms, found 0 plugins.
Preloading 0 native plugins for Editor in 0.00 ms.
Initialize engine version: 2022.3.10f1 (ff3792e53c62)
[Subsystems] Discovering subsystems at path Z:/work/Unity 2022.3.7f1/2022.3.10f1/Editor/Data/Resources/UnitySubsystems
[Subsystems] Discovering subsystems at path Z:/work/G/g/g/Ｇ-SENCE/Assets
GfxDevice: creating device client; threaded=0; jobified=0
Direct3D:
    Version:  Direct3D 11.0 [level 11.1]
    Renderer: AMD Radeon RX 7900 XT (ID=0x744c)
    Vendor:   ATI
    VRAM:     20415 MB
    Driver:   32.0.11037.4004
Initialize mono
Mono path[0] = 'Z:/work/Unity 2022.3.7f1/2022.3.10f1/Editor/Data/Managed'
Mono path[1] = 'Z:/work/Unity 2022.3.7f1/2022.3.10f1/Editor/Data/MonoBleedingEdge/lib/mono/unityjit-win32'
Mono config path = 'Z:/work/Unity 2022.3.7f1/2022.3.10f1/Editor/Data/MonoBleedingEdge/etc'
Using monoOptions --debugger-agent=transport=dt_socket,embedding=1,server=y,suspend=n,address=127.0.0.1:56568
Begin MonoManager ReloadAssembly
Registering precompiled unity dll's ...
Register platform support module: Z:/work/Unity 2022.3.7f1/2022.3.10f1/Editor/Data/PlaybackEngines/AndroidPlayer/UnityEditor.Android.Extensions.dll
Register platform support module: Z:/work/Unity 2022.3.7f1/2022.3.10f1/Editor/Data/PlaybackEngines/iOSSupport/UnityEditor.iOS.Extensions.dll
Register platform support module: Z:/work/Unity 2022.3.7f1/2022.3.10f1/Editor/Data/PlaybackEngines/WindowsStandaloneSupport/UnityEditor.WindowsStandalone.Extensions.dll
Registered in 0.003704 seconds.
- Loaded All Assemblies, in  0.195 seconds
Native extension for WindowsStandalone target not found
[usbmuxd] Start listen thread
[usbmuxd] Listen thread started
Native extension for iOS target not found
Native extension for Android target not found
Android Extension - Scanning For ADB Devices 907 ms
Mono: successfully reloaded assembly
- Finished resetting the current domain, in  1.094 seconds
Domain Reload Profiling: 1289ms
	BeginReloadAssembly (61ms)
		ExecutionOrderSort (0ms)
		DisableScriptedObjects (0ms)
		BackupInstance (0ms)
		ReleaseScriptingObjects (0ms)
		CreateAndSetChildDomain (0ms)
	RebuildCommonClasses (20ms)
	RebuildNativeTypeToScriptingClass (7ms)
	initialDomainReloadingComplete (28ms)
	LoadAllAssembliesAndSetupDomain (79ms)
		LoadAssemblies (61ms)
		RebuildTransferFunctionScriptingTraits (0ms)
		AnalyzeDomain (78ms)
			TypeCache.Refresh (77ms)
				TypeCache.ScanAssembly (69ms)
			ScanForSourceGeneratedMonoScriptInfo (0ms)
			ResolveRequiredComponents (0ms)
	FinalizeReload (1094ms)
		ReleaseScriptCaches (0ms)
		RebuildScriptCaches (0ms)
		SetupLoadedEditorAssemblies (1063ms)
			LogAssemblyErrors (0ms)
			InitializePlatformSupportModulesInManaged (974ms)
			SetLoadedEditorAssemblies (2ms)
			RefreshPlugins (0ms)
			BeforeProcessingInitializeOnLoad (1ms)
			ProcessInitializeOnLoadAttributes (52ms)
			ProcessInitializeOnLoadMethodAttributes (33ms)
			AfterProcessingInitializeOnLoad (0ms)
			EditorAssembliesLoaded (0ms)
		ExecutionOrderSort2 (0ms)
		AwakeInstancesAfterBackupRestoration (0ms)
========================================================================
Worker process is ready to serve import requests
Begin MonoManager ReloadAssembly
- Loaded All Assemblies, in  0.151 seconds
Refreshing native plugins compatible for Editor in 0.00 ms, found 0 plugins.
Native extension for WindowsStandalone target not found
Native extension for iOS target not found
Native extension for Android target not found
Mono: successfully reloaded assembly
- Finished resetting the current domain, in  0.219 seconds
Domain Reload Profiling: 370ms
	BeginReloadAssembly (85ms)
		ExecutionOrderSort (0ms)
		DisableScriptedObjects (3ms)
		BackupInstance (0ms)
		ReleaseScriptingObjects (0ms)
		CreateAndSetChildDomain (15ms)
	RebuildCommonClasses (19ms)
	RebuildNativeTypeToScriptingClass (6ms)
	initialDomainReloadingComplete (11ms)
	LoadAllAssembliesAndSetupDomain (29ms)
		LoadAssemblies (54ms)
		RebuildTransferFunctionScriptingTraits (0ms)
		AnalyzeDomain (23ms)
			TypeCache.Refresh (18ms)
				TypeCache.ScanAssembly (12ms)
			ScanForSourceGeneratedMonoScriptInfo (3ms)
			ResolveRequiredComponents (2ms)
	FinalizeReload (220ms)
		ReleaseScriptCaches (0ms)
		RebuildScriptCaches (0ms)
		SetupLoadedEditorAssemblies (137ms)
			LogAssemblyErrors (0ms)
			InitializePlatformSupportModulesInManaged (18ms)
			SetLoadedEditorAssemblies (3ms)
			RefreshPlugins (0ms)
			BeforeProcessingInitializeOnLoad (22ms)
			ProcessInitializeOnLoadAttributes (82ms)
			ProcessInitializeOnLoadMethodAttributes (10ms)
			AfterProcessingInitializeOnLoad (3ms)
			EditorAssembliesLoaded (0ms)
		ExecutionOrderSort2 (0ms)
		AwakeInstancesAfterBackupRestoration (11ms)
Launched and connected shader compiler UnityShaderCompiler.exe after 0.06 seconds
Refreshing native plugins compatible for Editor in 0.00 ms, found 0 plugins.
Preloading 0 native plugins for Editor in 0.00 ms.
Unloading 945 Unused Serialized files (Serialized files now loaded: 0)
Unloading 20 unused Assets / (1.3 MB). Loaded Objects now: 1410.
Memory consumption went from 98.0 MB to 96.6 MB.
Total: 1.932000 ms (FindLiveObjects: 0.064900 ms CreateObjectMapping: 0.013300 ms MarkObjects: 1.600300 ms  DeleteObjects: 0.253000 ms)

AssetImportParameters requested are different than current active one (requested -> active):
  custom:video-encoder-webm-vp8: eb34c28f22e8b96e1ab97ce403110664 -> 
  custom:video-decoder-webm-vp8: 9c59270c3fd7afecdb556c50c9e8de78 -> 
  custom:audio-decoder-ogg-vorbis: bf7c407c2cedff20999df2af8eb42d56 -> 
  custom:SearchIndexIgnoredProperties: e643bd26f0fe6173181afceb89e7c659 -> 
  custom:container-demuxer-ogg: 62fdf1f143b41e24485cea50d1cbac27 -> 
  custom:AudioImporter_EditorPlatform: d09bf68614088b80899f8185d706f6e7 -> 
  custom:CustomObjectIndexerAttribute: 756ad292c208cfabdd7b50bc23989ffe -> 
  custom:container-demuxer-webm: 4f35f7cbe854078d1ac9338744f61a02 -> 
  custom:video-decoder-ogg-theora: a1e56fd34408186e4bbccfd4996cb3dc -> 
  custom:audio-encoder-webm-vorbis: bf7c407c2cedff20999df2af8eb42d56 -> 
  custom:framework-win-MediaFoundation: 216162199b28c13a410421893ffa2e32 -> 
  custom:container-muxer-webm: aa71ff27fc2769a1b78a27578f13a17b -> 
========================================================================
Received Import Request.
  Time since last request: 14861.715615 seconds.
  path: Assets/YAMAZUMI
  artifactKey: Guid(0161a15a533f48649971cac9691f3e3c) Importer(815301076,1909f56bfc062723c751e8b465ee728b)
Start importing Assets/YAMAZUMI using Guid(0161a15a533f48649971cac9691f3e3c) Importer(815301076,1909f56bfc062723c751e8b465ee728b)  -> (artifact id: 'fc7f767245a025bc5892381deda8ba0c') in 0.001661 seconds
Number of updated asset objects reloaded before import = 0
Number of asset objects unloaded after import = 0
========================================================================
Received Import Request.
  Time since last request: 10.202133 seconds.
  path: Assets/YAMAZUMI/Script
  artifactKey: Guid(5fef02e3f7921ec4c92c5c9345572f3a) Importer(815301076,1909f56bfc062723c751e8b465ee728b)
Start importing Assets/YAMAZUMI/Script using Guid(5fef02e3f7921ec4c92c5c9345572f3a) Importer(815301076,1909f56bfc062723c751e8b465ee728b)  -> (artifact id: 'febb2cf288a060936b4a148a868cd790') in 0.000250 seconds
Number of updated asset objects reloaded before import = 0
Number of asset objects unloaded after import = 0
========================================================================
Received Import Request.
  Time since last request: 4.314781 seconds.
  path: Assets/YAMAZUMI/Object
  artifactKey: Guid(db355e7500a98f24fadcb60f7312fbe7) Importer(815301076,1909f56bfc062723c751e8b465ee728b)
Start importing Assets/YAMAZUMI/Object using Guid(db355e7500a98f24fadcb60f7312fbe7) Importer(815301076,1909f56bfc062723c751e8b465ee728b)  -> (artifact id: '997286e1dc3d2e4f72f802516b13f942') in 0.000242 seconds
Number of updated asset objects reloaded before import = 0
Number of asset objects unloaded after import = 0
========================================================================
Received Import Request.
  Time since last request: 0.191918 seconds.
  path: Assets/YAMAZUMI/Object/burret.prefab
  artifactKey: Guid(538a009778ef5d44ea1581def96751d6) Importer(815301076,1909f56bfc062723c751e8b465ee728b)
Start importing Assets/YAMAZUMI/Object/burret.prefab using Guid(538a009778ef5d44ea1581def96751d6) Importer(815301076,1909f56bfc062723c751e8b465ee728b)  -> (artifact id: '4890b2514d9dcdafc4f4920242edea76') in 0.051683 seconds
Number of updated asset objects reloaded before import = 0
Number of asset objects unloaded after import = 10
========================================================================
Received Import Request.
  Time since last request: 0.003872 seconds.
  path: Assets/YAMAZUMI/Object/Player.prefab
  artifactKey: Guid(a1226e67ab5c7124295033615688f272) Importer(815301076,1909f56bfc062723c751e8b465ee728b)
Start importing Assets/YAMAZUMI/Object/Player.prefab using Guid(a1226e67ab5c7124295033615688f272) Importer(815301076,1909f56bfc062723c751e8b465ee728b)  -> (artifact id: '014114059120df130ba1eae89a531a1d') in 0.025056 seconds
Number of updated asset objects reloaded before import = 0
Number of asset objects unloaded after import = 402
========================================================================
Received Import Request.
  Time since last request: 0.000008 seconds.
  path: Assets/YAMAZUMI/Object/Stage1 (1).prefab
  artifactKey: Guid(b96b4b503908bdb4593f5aa500a40ef2) Importer(815301076,1909f56bfc062723c751e8b465ee728b)
Start importing Assets/YAMAZUMI/Object/Stage1 (1).prefab using Guid(b96b4b503908bdb4593f5aa500a40ef2) Importer(815301076,1909f56bfc062723c751e8b465ee728b)  -> (artifact id: 'aa18ecf736fe5f51d75c754d4fdbe70b') in 0.006389 seconds
Number of updated asset objects reloaded before import = 0
Number of asset objects unloaded after import = 15
========================================================================
Received Import Request.
  Time since last request: 0.000216 seconds.
  path: Assets/YAMAZUMI/Object/Stage6.prefab
  artifactKey: Guid(9bd5ec3d67073b547b9055515b036f9d) Importer(815301076,1909f56bfc062723c751e8b465ee728b)
Start importing Assets/YAMAZUMI/Object/Stage6.prefab using Guid(9bd5ec3d67073b547b9055515b036f9d) Importer(815301076,1909f56bfc062723c751e8b465ee728b)  -> (artifact id: 'dec37a392ba01387e4f2cb86f6f74690') in 0.030664 seconds
Number of updated asset objects reloaded before import = 0
Number of asset objects unloaded after import = 39
========================================================================
Received Import Request.
  Time since last request: 0.000352 seconds.
  path: Assets/YAMAZUMI/Object/Stage3.prefab
  artifactKey: Guid(4d6c9f5b483fa304996dbbbcd32e9fde) Importer(815301076,1909f56bfc062723c751e8b465ee728b)
Start importing Assets/YAMAZUMI/Object/Stage3.prefab using Guid(4d6c9f5b483fa304996dbbbcd32e9fde) Importer(815301076,1909f56bfc062723c751e8b465ee728b)  -> (artifact id: 'd0c39d8bcbe5cf8db84ca8cde18b4ead') in 0.009123 seconds
Number of updated asset objects reloaded before import = 0
Number of asset objects unloaded after import = 37
========================================================================
Received Import Request.
  Time since last request: 0.000111 seconds.
  path: Assets/YAMAZUMI/Object/Stage2.prefab
  artifactKey: Guid(ca191023b2e6bdf48996f3537e5414bb) Importer(815301076,1909f56bfc062723c751e8b465ee728b)
Start importing Assets/YAMAZUMI/Object/Stage2.prefab using Guid(ca191023b2e6bdf48996f3537e5414bb) Importer(815301076,1909f56bfc062723c751e8b465ee728b)  -> (artifact id: 'a0006038fef0e84116e728e3c033a0ef') in 0.006549 seconds
Number of updated asset objects reloaded before import = 0
Number of asset objects unloaded after import = 37
========================================================================
Received Import Request.
  Time since last request: 3.222850 seconds.
  path: Assets/YAMAZUMI/Sound/kirarin.wav
  artifactKey: Guid(3e52a09bc16b54e498457db160a81c83) Importer(815301076,1909f56bfc062723c751e8b465ee728b)
Start importing Assets/YAMAZUMI/Sound/kirarin.wav using Guid(3e52a09bc16b54e498457db160a81c83) Importer(815301076,1909f56bfc062723c751e8b465ee728b)  -> (artifact id: '0d052cc840ac78f60d6477ccbcf702bc') in 0.016962 seconds
Number of updated asset objects reloaded before import = 0
Number of asset objects unloaded after import = 2
========================================================================
Received Import Request.
  Time since last request: 0.000136 seconds.
  path: Assets/YAMAZUMI/Sound/火炎魔法1.mp3
  artifactKey: Guid(32bbb4813bf12a34a80f3db930c87975) Importer(815301076,1909f56bfc062723c751e8b465ee728b)
Start importing Assets/YAMAZUMI/Sound/火炎魔法1.mp3 using Guid(32bbb4813bf12a34a80f3db930c87975) Importer(815301076,1909f56bfc062723c751e8b465ee728b)  -> (artifact id: '0cc8b6e935e308a07c52303fc1ac6ba8') in 0.005660 seconds
Number of updated asset objects reloaded before import = 0
Number of asset objects unloaded after import = 2
