Using pre-set license
Built from '2022.3/staging' branch; Version is '2022.3.10f1 (ff3792e53c62) revision 16725906'; Using compiler version '192829333'; Build Type 'Release'
OS: 'Windows 10  (10.0.19045) 64bit Professional' Language: 'ja' Physical Memory: 31965 MB
BatchMode: 1, IsHumanControllingUs: 0, StartBugReporterOnCrash: 0, Is64bit: 1, IsPro: 1

COMMAND LINE ARGUMENTS:
Z:\work\Unity 2022.3.7f1\2022.3.10f1\Editor\Unity.exe
-adb2
-batchMode
-noUpm
-name
AssetImportWorker1
-projectPath
Z:/work/G/g/锝锛
-logFile
Logs/AssetImportWorker1.log
-srvPort
61849
Successfully changed project path to: Z:/work/G/g/锝锛
Z:/work/G/g/锝锛
[UnityMemory] Configuration Parameters - Can be set up in boot.config
    "memorysetup-bucket-allocator-granularity=16"
    "memorysetup-bucket-allocator-bucket-count=8"
    "memorysetup-bucket-allocator-block-size=33554432"
    "memorysetup-bucket-allocator-block-count=8"
    "memorysetup-main-allocator-block-size=16777216"
    "memorysetup-thread-allocator-block-size=16777216"
    "memorysetup-gfx-main-allocator-block-size=16777216"
    "memorysetup-gfx-thread-allocator-block-size=16777216"
    "memorysetup-cache-allocator-block-size=4194304"
    "memorysetup-typetree-allocator-block-size=2097152"
    "memorysetup-profiler-bucket-allocator-granularity=16"
    "memorysetup-profiler-bucket-allocator-bucket-count=8"
    "memorysetup-profiler-bucket-allocator-block-size=33554432"
    "memorysetup-profiler-bucket-allocator-block-count=8"
    "memorysetup-profiler-allocator-block-size=16777216"
    "memorysetup-profiler-editor-allocator-block-size=1048576"
    "memorysetup-temp-allocator-size-main=16777216"
    "memorysetup-job-temp-allocator-block-size=2097152"
    "memorysetup-job-temp-allocator-block-size-background=1048576"
    "memorysetup-job-temp-allocator-reduction-small-platforms=262144"
    "memorysetup-allocator-temp-initial-block-size-main=262144"
    "memorysetup-allocator-temp-initial-block-size-worker=262144"
    "memorysetup-temp-allocator-size-background-worker=32768"
    "memorysetup-temp-allocator-size-job-worker=262144"
    "memorysetup-temp-allocator-size-preload-manager=33554432"
    "memorysetup-temp-allocator-size-nav-mesh-worker=65536"
    "memorysetup-temp-allocator-size-audio-worker=65536"
    "memorysetup-temp-allocator-size-cloud-worker=32768"
    "memorysetup-temp-allocator-size-gi-baking-worker=262144"
    "memorysetup-temp-allocator-size-gfx=262144"
Player connection [45396] Host "[IP] 192.168.40.21 [Port] 0 [Flags] 2 [Guid] 1069485675 [EditorId] 1069485675 [Version] 1048832 [Id] WindowsEditor(7,DESKTOP-9H9KQJ1) [Debug] 1 [PackageName] WindowsEditor [ProjectName] Editor" joined multi-casting on [225.0.0.222:54997]...

Player connection [45396] Host "[IP] 192.168.40.21 [Port] 0 [Flags] 2 [Guid] 1069485675 [EditorId] 1069485675 [Version] 1048832 [Id] WindowsEditor(7,DESKTOP-9H9KQJ1) [Debug] 1 [PackageName] WindowsEditor [ProjectName] Editor" joined alternative multi-casting on [225.0.0.222:34997]...

[Physics::Module] Initialized MultithreadedJobDispatcher with 15 workers.
Refreshing native plugins compatible for Editor in 0.00 ms, found 0 plugins.
Preloading 0 native plugins for Editor in 0.00 ms.
Initialize engine version: 2022.3.10f1 (ff3792e53c62)
[Subsystems] Discovering subsystems at path Z:/work/Unity 2022.3.7f1/2022.3.10f1/Editor/Data/Resources/UnitySubsystems
[Subsystems] Discovering subsystems at path Z:/work/G/g/锝锛/Assets
GfxDevice: creating device client; threaded=0; jobified=0
Direct3D:
    Version:  Direct3D 11.0 [level 11.1]
    Renderer: AMD Radeon RX 7900 XT (ID=0x744c)
    Vendor:   ATI
    VRAM:     20415 MB
    Driver:   32.0.11037.4004
Initialize mono
Mono path[0] = 'Z:/work/Unity 2022.3.7f1/2022.3.10f1/Editor/Data/Managed'
Mono path[1] = 'Z:/work/Unity 2022.3.7f1/2022.3.10f1/Editor/Data/MonoBleedingEdge/lib/mono/unityjit-win32'
Mono config path = 'Z:/work/Unity 2022.3.7f1/2022.3.10f1/Editor/Data/MonoBleedingEdge/etc'
Using monoOptions --debugger-agent=transport=dt_socket,embedding=1,server=y,suspend=n,address=127.0.0.1:56356
Begin MonoManager ReloadAssembly
Registering precompiled unity dll's ...
Register platform support module: Z:/work/Unity 2022.3.7f1/2022.3.10f1/Editor/Data/PlaybackEngines/AndroidPlayer/UnityEditor.Android.Extensions.dll
Register platform support module: Z:/work/Unity 2022.3.7f1/2022.3.10f1/Editor/Data/PlaybackEngines/iOSSupport/UnityEditor.iOS.Extensions.dll
Register platform support module: Z:/work/Unity 2022.3.7f1/2022.3.10f1/Editor/Data/PlaybackEngines/WindowsStandaloneSupport/UnityEditor.WindowsStandalone.Extensions.dll
Registered in 0.003618 seconds.
- Loaded All Assemblies, in  0.204 seconds
Native extension for WindowsStandalone target not found
Native extension for iOS target not found
Native extension for Android target not found
Android Extension - Scanning For ADB Devices 2656 ms
Mono: successfully reloaded assembly
- Finished resetting the current domain, in  2.848 seconds
Domain Reload Profiling: 3052ms
	BeginReloadAssembly (63ms)
		ExecutionOrderSort (0ms)
		DisableScriptedObjects (0ms)
		BackupInstance (0ms)
		ReleaseScriptingObjects (0ms)
		CreateAndSetChildDomain (1ms)
	RebuildCommonClasses (20ms)
	RebuildNativeTypeToScriptingClass (6ms)
	initialDomainReloadingComplete (29ms)
	LoadAllAssembliesAndSetupDomain (87ms)
		LoadAssemblies (63ms)
		RebuildTransferFunctionScriptingTraits (0ms)
		AnalyzeDomain (85ms)
			TypeCache.Refresh (84ms)
				TypeCache.ScanAssembly (77ms)
			ScanForSourceGeneratedMonoScriptInfo (0ms)
			ResolveRequiredComponents (0ms)
	FinalizeReload (2848ms)
		ReleaseScriptCaches (0ms)
		RebuildScriptCaches (0ms)
		SetupLoadedEditorAssemblies (2816ms)
			LogAssemblyErrors (0ms)
			InitializePlatformSupportModulesInManaged (2723ms)
			SetLoadedEditorAssemblies (2ms)
			RefreshPlugins (0ms)
			BeforeProcessingInitializeOnLoad (1ms)
			ProcessInitializeOnLoadAttributes (55ms)
			ProcessInitializeOnLoadMethodAttributes (34ms)
			AfterProcessingInitializeOnLoad (0ms)
			EditorAssembliesLoaded (0ms)
		ExecutionOrderSort2 (0ms)
		AwakeInstancesAfterBackupRestoration (0ms)
========================================================================
Worker process is ready to serve import requests
Begin MonoManager ReloadAssembly
- Loaded All Assemblies, in  0.161 seconds
Refreshing native plugins compatible for Editor in 0.00 ms, found 0 plugins.
Native extension for WindowsStandalone target not found
Native extension for iOS target not found
Native extension for Android target not found
Mono: successfully reloaded assembly
- Finished resetting the current domain, in  0.224 seconds
Domain Reload Profiling: 385ms
	BeginReloadAssembly (90ms)
		ExecutionOrderSort (0ms)
		DisableScriptedObjects (3ms)
		BackupInstance (0ms)
		ReleaseScriptingObjects (0ms)
		CreateAndSetChildDomain (17ms)
	RebuildCommonClasses (20ms)
	RebuildNativeTypeToScriptingClass (6ms)
	initialDomainReloadingComplete (11ms)
	LoadAllAssembliesAndSetupDomain (34ms)
		LoadAssemblies (59ms)
		RebuildTransferFunctionScriptingTraits (0ms)
		AnalyzeDomain (27ms)
			TypeCache.Refresh (21ms)
				TypeCache.ScanAssembly (15ms)
			ScanForSourceGeneratedMonoScriptInfo (3ms)
			ResolveRequiredComponents (2ms)
	FinalizeReload (224ms)
		ReleaseScriptCaches (0ms)
		RebuildScriptCaches (0ms)
		SetupLoadedEditorAssemblies (140ms)
			LogAssemblyErrors (0ms)
			InitializePlatformSupportModulesInManaged (20ms)
			SetLoadedEditorAssemblies (3ms)
			RefreshPlugins (0ms)
			BeforeProcessingInitializeOnLoad (23ms)
			ProcessInitializeOnLoadAttributes (80ms)
			ProcessInitializeOnLoadMethodAttributes (12ms)
			AfterProcessingInitializeOnLoad (3ms)
			EditorAssembliesLoaded (0ms)
		ExecutionOrderSort2 (0ms)
		AwakeInstancesAfterBackupRestoration (11ms)
Launched and connected shader compiler UnityShaderCompiler.exe after 0.06 seconds
Refreshing native plugins compatible for Editor in 0.00 ms, found 0 plugins.
Preloading 0 native plugins for Editor in 0.00 ms.
Unloading 946 Unused Serialized files (Serialized files now loaded: 0)
Unloading 20 unused Assets / (1.3 MB). Loaded Objects now: 1413.
Memory consumption went from 98.2 MB to 96.9 MB.
Total: 1.995500 ms (FindLiveObjects: 0.079100 ms CreateObjectMapping: 0.016100 ms MarkObjects: 1.653300 ms  DeleteObjects: 0.246400 ms)

AssetImportParameters requested are different than current active one (requested -> active):
  custom:video-encoder-webm-vp8: eb34c28f22e8b96e1ab97ce403110664 -> 
  custom:video-decoder-webm-vp8: 9c59270c3fd7afecdb556c50c9e8de78 -> 
  custom:audio-decoder-ogg-vorbis: bf7c407c2cedff20999df2af8eb42d56 -> 
  custom:container-demuxer-ogg: 62fdf1f143b41e24485cea50d1cbac27 -> 
  custom:AudioImporter_EditorPlatform: d09bf68614088b80899f8185d706f6e7 -> 
  custom:container-demuxer-webm: 4f35f7cbe854078d1ac9338744f61a02 -> 
  custom:video-decoder-ogg-theora: a1e56fd34408186e4bbccfd4996cb3dc -> 
  custom:audio-encoder-webm-vorbis: bf7c407c2cedff20999df2af8eb42d56 -> 
  custom:framework-win-MediaFoundation: 216162199b28c13a410421893ffa2e32 -> 
  custom:container-muxer-webm: aa71ff27fc2769a1b78a27578f13a17b -> 
========================================================================
Received Import Request.
  Time since last request: 27239.216214 seconds.
  path: Assets/LI XIANG/model/FlameThrower.prefab
  artifactKey: Guid(91242649b4f631448b23788f7bde3b79) Importer(815301076,1909f56bfc062723c751e8b465ee728b)
Start importing Assets/LI XIANG/model/FlameThrower.prefab using Guid(91242649b4f631448b23788f7bde3b79) Importer(815301076,1909f56bfc062723c751e8b465ee728b)  -> (artifact id: '7fd2d3673afcf767ec689a906212cd76') in 0.086845 seconds
Number of updated asset objects reloaded before import = 0
Number of asset objects unloaded after import = 22
========================================================================
Received Import Request.
  Time since last request: 0.000196 seconds.
  path: Assets/LI XIANG/model/Plane (2).prefab
  artifactKey: Guid(3334af73da335684587df9c5d892b198) Importer(815301076,1909f56bfc062723c751e8b465ee728b)
Start importing Assets/LI XIANG/model/Plane (2).prefab using Guid(3334af73da335684587df9c5d892b198) Importer(815301076,1909f56bfc062723c751e8b465ee728b)  -> (artifact id: 'a98ff9291eeb8bbeca3425afe60ac792') in 0.016314 seconds
Number of updated asset objects reloaded before import = 0
Number of asset objects unloaded after import = 8
========================================================================
Received Import Request.
  Time since last request: 33.269323 seconds.
  path: Assets/YAMAZUMI/Object/BGm_youtai.prefab
  artifactKey: Guid(a91d6485c16037442af521a8c85f2ccf) Importer(815301076,1909f56bfc062723c751e8b465ee728b)
Start importing Assets/YAMAZUMI/Object/BGm_youtai.prefab using Guid(a91d6485c16037442af521a8c85f2ccf) Importer(815301076,1909f56bfc062723c751e8b465ee728b)  -> (artifact id: '04fde8939f6b8bb05c46dffd4e0da752') in 0.000930 seconds
Number of updated asset objects reloaded before import = 0
Number of asset objects unloaded after import = 5
========================================================================
Received Import Request.
  Time since last request: 0.025905 seconds.
  path: Assets/YAMAZUMI/Object/burret.prefab
  artifactKey: Guid(538a009778ef5d44ea1581def96751d6) Importer(815301076,1909f56bfc062723c751e8b465ee728b)
Start importing Assets/YAMAZUMI/Object/burret.prefab using Guid(538a009778ef5d44ea1581def96751d6) Importer(815301076,1909f56bfc062723c751e8b465ee728b)  -> (artifact id: '380e8fd885d76560ec4a8a58f51021be') in 0.005594 seconds
Number of updated asset objects reloaded before import = 0
Number of asset objects unloaded after import = 10
========================================================================
Received Import Request.
  Time since last request: 0.023910 seconds.
  path: Assets/YAMAZUMI/Object/Player.prefab
  artifactKey: Guid(a1226e67ab5c7124295033615688f272) Importer(815301076,1909f56bfc062723c751e8b465ee728b)
Start importing Assets/YAMAZUMI/Object/Player.prefab using Guid(a1226e67ab5c7124295033615688f272) Importer(815301076,1909f56bfc062723c751e8b465ee728b)  -> (artifact id: 'e59c06a279cf3fcfc075627fbb80c934') in 0.018022 seconds
Number of updated asset objects reloaded before import = 0
Number of asset objects unloaded after import = 402
========================================================================
Received Import Request.
  Time since last request: 0.000222 seconds.
  path: Assets/YAMAZUMI/Object/Stage5.prefab
  artifactKey: Guid(c6ebb0d8c5074d9419fb43fa25b2e411) Importer(815301076,1909f56bfc062723c751e8b465ee728b)
Start importing Assets/YAMAZUMI/Object/Stage5.prefab using Guid(c6ebb0d8c5074d9419fb43fa25b2e411) Importer(815301076,1909f56bfc062723c751e8b465ee728b)  -> (artifact id: 'd53c460c5c42916e51e67175ae5c482b') in 0.026639 seconds
Number of updated asset objects reloaded before import = 0
Number of asset objects unloaded after import = 56
========================================================================
Received Import Request.
  Time since last request: 0.000317 seconds.
  path: Assets/YAMAZUMI/Object/Stage3.prefab
  artifactKey: Guid(4d6c9f5b483fa304996dbbbcd32e9fde) Importer(815301076,1909f56bfc062723c751e8b465ee728b)
Start importing Assets/YAMAZUMI/Object/Stage3.prefab using Guid(4d6c9f5b483fa304996dbbbcd32e9fde) Importer(815301076,1909f56bfc062723c751e8b465ee728b)  -> (artifact id: 'efc87d29736dfc9a475ff339dcf0d7d8') in 0.005260 seconds
Number of updated asset objects reloaded before import = 0
Number of asset objects unloaded after import = 37
========================================================================
Received Import Request.
  Time since last request: 0.000296 seconds.
  path: Assets/YAMAZUMI/Object/Stagetop.prefab
  artifactKey: Guid(a1397c6c42134a64c8e2e2363177c846) Importer(815301076,1909f56bfc062723c751e8b465ee728b)
Start importing Assets/YAMAZUMI/Object/Stagetop.prefab using Guid(a1397c6c42134a64c8e2e2363177c846) Importer(815301076,1909f56bfc062723c751e8b465ee728b)  -> (artifact id: 'c7133931937d0e3b1f6a2b32b1bd32b3') in 0.005803 seconds
Number of updated asset objects reloaded before import = 0
Number of asset objects unloaded after import = 25
========================================================================
Received Prepare
Refreshing native plugins compatible for Editor in 0.00 ms, found 0 plugins.
Preloading 0 native plugins for Editor in 0.00 ms.
Unloading 13 Unused Serialized files (Serialized files now loaded: 0)
Unloading 14 unused Assets / (1.3 MB). Loaded Objects now: 1426.
Memory consumption went from 140.2 MB to 138.9 MB.
Total: 2.198200 ms (FindLiveObjects: 0.090100 ms CreateObjectMapping: 0.014100 ms MarkObjects: 1.798400 ms  DeleteObjects: 0.295200 ms)

Prepare: number of updated asset objects reloaded= 0
AssetImportParameters requested are different than current active one (requested -> active):
  custom:video-encoder-webm-vp8: eb34c28f22e8b96e1ab97ce403110664 -> 
  custom:video-decoder-webm-vp8: 9c59270c3fd7afecdb556c50c9e8de78 -> 
  custom:audio-decoder-ogg-vorbis: bf7c407c2cedff20999df2af8eb42d56 -> 
  custom:SearchIndexIgnoredProperties: e643bd26f0fe6173181afceb89e7c659 -> 
  custom:container-demuxer-ogg: 62fdf1f143b41e24485cea50d1cbac27 -> 
  custom:AudioImporter_EditorPlatform: d09bf68614088b80899f8185d706f6e7 -> 
  custom:CustomObjectIndexerAttribute: 756ad292c208cfabdd7b50bc23989ffe -> 
  custom:container-demuxer-webm: 4f35f7cbe854078d1ac9338744f61a02 -> 
  custom:video-decoder-ogg-theora: a1e56fd34408186e4bbccfd4996cb3dc -> 
  custom:audio-encoder-webm-vorbis: bf7c407c2cedff20999df2af8eb42d56 -> 
  custom:framework-win-MediaFoundation: 216162199b28c13a410421893ffa2e32 -> 
  custom:container-muxer-webm: aa71ff27fc2769a1b78a27578f13a17b -> 
Editor requested this worker to shutdown with reason: Scaling down because of idle timeout
TcpMessagingSession - receive error: operation aborted. errorcode: 995, details: スレッドのK了またはアプリケ`ションの要求によって、I/O I理は中止されました。
AssetImportWorker is now disconnected from the server
Process exiting
Exiting without the bug reporter. Application will terminate with return code 0